<?xml version="1.0" encoding="UTF-8"?>
<!-- Generated by org.testng.reporters.JUnitReportReporter -->
<testsuite hostname="DESKTOP-L72VLGA" failures="0" tests="2" name="test.Basics" time="0.010" errors="0" timestamp="2022-10-31T06:32:22 IST" skipped="0">
  <testcase classname="test.Basics" name="Demo" time="0.008"/>
  <system-out/>
  <testcase classname="test.Basics" name="SecondTest" time="0.002"/>
  <system-out/>
</testsuite> <!-- test.Basics -->
