<?xml version="1.0" encoding="UTF-8"?>
<!-- Generated by org.testng.reporters.JUnitReportReporter -->
<testsuite hostname="DESKTOP-L72VLGA" failures="0" tests="1" name="test.Basics4" time="0.003" errors="0" timestamp="2022-10-25T08:25:38 IST" skipped="0">
  <testcase classname="test.Basics4" name="LoginAPIHomeLoan" time="0.003"/>
  <system-out/>
</testsuite> <!-- test.Basics4 -->
