<?xml version="1.0" encoding="UTF-8"?>
<!-- Generated by org.testng.reporters.JUnitReportReporter -->
<testsuite hostname="DESKTOP-L72VLGA" failures="0" tests="1" name="test.Basics1" time="0.007" errors="0" timestamp="2022-10-31T06:32:14 IST" skipped="0">
  <testcase classname="test.Basics1" name="demo2" time="0.007"/>
  <system-out/>
</testsuite> <!-- test.Basics1 -->
